<?xml version="1.0" encoding="UTF-8"?>
<testsuite xmlns:xsi="http://www.w3.org/2001/XMLSchema-instance" xsi:noNamespaceSchemaLocation="https://maven.apache.org/surefire/maven-surefire-plugin/xsd/surefire-test-report.xsd" version="3.0.2" name="com.nwhisler.local_observability.LocalObservabilityApplicationTests" time="2.442" tests="1" errors="0" skipped="0" failures="0">
  <properties>
[...]
</properties>
  <testcase name="contextLoads" classname="com.nwhisler.local_observability.LocalObservabilityApplicationTests" time="0.005">
    <system-out><![CDATA[2026-02-22T12:37:25.708-05:00  INFO 18720 --- [local-observability] [           main] t.c.s.AnnotationConfigContextLoaderUtils : Could not detect default configuration classes for test class [com.nwhisler.local_observability.LocalObservabilityApplicationTests]: LocalObservabilityApplicationTests does not declare any static, non-private, non-final, nested classes annotated with @Configuration.
2026-02-22T12:37:25.760-05:00  INFO 18720 --- [local-observability] [           main] .b.t.c.SpringBootTestContextBootstrapper : Found @SpringBootConfiguration com.nwhisler.local_observability.LocalObservabilityApplication for test class com.nwhisler.local_observability.LocalObservabilityApplicationTests

  .   ____          _            __ _ _
 /\\ / ___'_ __ _ _(_)_ __  __ _ \ \ \ \
( ( )\___ | '_ | '_| | '_ \/ _` | \ \ \ \
 \\/  ___)| |_)| | | | | || (_| |  ) ) ) )
  '  |____| .__|_| |_|_| |_\__, | / / / /
 =========|_|==============|___/=/_/_/_/

 :: Spring Boot ::               (v3.5.11)

2026-02-22T12:37:25.809-05:00  INFO 18720 --- [local-observability] [           main] c.n.l.LocalObservabilityApplicationTests : Starting LocalObservabilityApplicationTests using Java 17.0.18 with PID 18720 (started by HP in C:\Users\HP\Documents\Personal_Projects\Java_Projects\local-observability)
2026-02-22T12:37:25.810-05:00  INFO 18720 --- [local-observability] [           main] c.n.l.LocalObservabilityApplicationTests : No active profile set, falling back to 1 default profile: "default"
2026-02-22T12:37:26.239-05:00  INFO 18720 --- [local-observability] [           main] .s.d.r.c.RepositoryConfigurationDelegate : Bootstrapping Spring Data JPA repositories in DEFAULT mode.
2026-02-22T12:37:26.254-05:00  INFO 18720 --- [local-observability] [           main] .s.d.r.c.RepositoryConfigurationDelegate : Finished Spring Data repository scanning in 12 ms. Found 1 JPA repository interface.
2026-02-22T12:37:26.338-05:00  INFO 18720 --- [local-observability] [           main] tc.postgres:latest                       : Creating container for image: postgres:latest
2026-02-22T12:37:26.414-05:00  INFO 18720 --- [local-observability] [           main] tc.postgres:latest                       : Container postgres:latest is starting: c284b14506e89a199ffe2f56acd31d4151242fd6a0b1bfdf2067d412260e379a
2026-02-22T12:37:27.658-05:00  INFO 18720 --- [local-observability] [           main] tc.postgres:latest                       : Container postgres:latest started in PT1.3203824S
2026-02-22T12:37:27.659-05:00  INFO 18720 --- [local-observability] [           main] tc.postgres:latest                       : Container is started (JDBC URL: jdbc:postgresql://localhost:53857/test?loggerLevel=OFF)
2026-02-22T12:37:27.758-05:00  INFO 18720 --- [local-observability] [           main] org.flywaydb.core.FlywayExecutor         : Database: jdbc:postgresql://localhost:53857/test?loggerLevel=OFF (PostgreSQL 18.2)
2026-02-22T12:37:27.765-05:00  WARN 18720 --- [local-observability] [           main] o.f.c.internal.database.base.Database    : Flyway upgrade recommended: PostgreSQL 18.2 is newer than this version of Flyway and support has not been tested. The latest supported version of PostgreSQL is 17.
2026-02-22T12:37:27.770-05:00  INFO 18720 --- [local-observability] [           main] o.f.c.i.s.JdbcTableSchemaHistory         : Schema history table "public"."flyway_schema_history" does not exist yet
2026-02-22T12:37:27.771-05:00  INFO 18720 --- [local-observability] [           main] o.f.core.internal.command.DbValidate     : Successfully validated 1 migration (execution time 00:00.003s)
2026-02-22T12:37:27.780-05:00  INFO 18720 --- [local-observability] [           main] o.f.c.i.s.JdbcTableSchemaHistory         : Creating Schema History table "public"."flyway_schema_history" ...
2026-02-22T12:37:27.803-05:00  INFO 18720 --- [local-observability] [           main] o.f.core.internal.command.DbMigrate      : Current version of schema "public": << Empty Schema >>
2026-02-22T12:37:27.807-05:00  INFO 18720 --- [local-observability] [           main] o.f.core.internal.command.DbMigrate      : Migrating schema "public" to version "1 - init"
2026-02-22T12:37:27.819-05:00  INFO 18720 --- [local-observability] [           main] o.f.core.internal.command.DbMigrate      : Successfully applied 1 migration to schema "public", now at version v1 (execution time 00:00.007s)
2026-02-22T12:37:27.833-05:00  INFO 18720 --- [local-observability] [           main] o.hibernate.jpa.internal.util.LogHelper  : HHH000204: Processing PersistenceUnitInfo [name: default]
2026-02-22T12:37:27.836-05:00  INFO 18720 --- [local-observability] [           main] o.h.c.internal.RegionFactoryInitiator    : HHH000026: Second-level cache disabled
2026-02-22T12:37:27.845-05:00  INFO 18720 --- [local-observability] [           main] o.s.o.j.p.SpringPersistenceUnitInfo      : No LoadTimeWeaver setup: ignoring JPA class transformer
2026-02-22T12:37:27.846-05:00  INFO 18720 --- [local-observability] [           main] com.zaxxer.hikari.HikariDataSource       : HikariPool-2 - Starting...
2026-02-22T12:37:27.857-05:00  INFO 18720 --- [local-observability] [           main] com.zaxxer.hikari.pool.HikariPool        : HikariPool-2 - Added connection org.postgresql.jdbc.PgConnection@3f7a48a1
2026-02-22T12:37:27.857-05:00  INFO 18720 --- [local-observability] [           main] com.zaxxer.hikari.HikariDataSource       : HikariPool-2 - Start completed.
2026-02-22T12:37:27.863-05:00  INFO 18720 --- [local-observability] [           main] org.hibernate.orm.connections.pooling    : HHH10001005: Database info:
	Database JDBC URL [Connecting through datasource 'HikariDataSource (HikariPool-2)']
	Database driver: undefined/unknown
	Database version: 18.2
	Autocommit mode: undefined/unknown
	Isolation level: undefined/unknown
	Minimum pool size: undefined/unknown
	Maximum pool size: undefined/unknown
2026-02-22T12:37:27.885-05:00  INFO 18720 --- [local-observability] [           main] o.h.e.t.j.p.i.JtaPlatformInitiator       : HHH000489: No JTA platform available (set 'hibernate.transaction.jta.platform' to enable JTA platform integration)
2026-02-22T12:37:27.899-05:00  INFO 18720 --- [local-observability] [           main] j.LocalContainerEntityManagerFactoryBean : Initialized JPA EntityManagerFactory for persistence unit 'default'
2026-02-22T12:37:28.082-05:00  INFO 18720 --- [local-observability] [           main] o.s.b.a.e.web.EndpointLinksResolver      : Exposing 3 endpoints beneath base path '/actuator'
2026-02-22T12:37:28.099-05:00  INFO 18720 --- [local-observability] [           main] c.n.l.LocalObservabilityApplicationTests : Started LocalObservabilityApplicationTests in 2.324 seconds (process running for 13.306)
]]></system-out>
  </testcase>
</testsuite>