<?xml version="1.0" encoding="UTF-8"?>
<testsuite xmlns:xsi="http://www.w3.org/2001/XMLSchema-instance" xsi:noNamespaceSchemaLocation="https://maven.apache.org/surefire/maven-surefire-plugin/xsd/surefire-test-report.xsd" version="3.0.2" name="com.nwhisler.local_observability.api.EventControllerTest" time="20.342" tests="8" errors="0" skipped="0" failures="0">
  <properties>
[...]
</properties>
  <testcase name="serviceTest" classname="com.nwhisler.local_observability.api.EventControllerTest" time="0.963">
    <system-out><![CDATA[00:05:40.146 [main] INFO org.testcontainers.images.PullPolicy -- Image pull policy will be performed by: DefaultPullPolicy()
00:05:40.151 [main] INFO org.testcontainers.utility.ImageNameSubstitutor -- Image name substitution will be performed by: DefaultImageNameSubstitutor (composite of 'ConfigurationFileImageNameSubstitutor' and 'PrefixingImageNameSubstitutor')
00:05:40.233 [main] INFO org.testcontainers.DockerClientFactory -- Testcontainers version: 1.21.4
00:05:40.423 [main] INFO org.testcontainers.dockerclient.DockerClientProviderStrategy -- Loaded org.testcontainers.dockerclient.NpipeSocketClientProviderStrategy from ~/.testcontainers.properties, will try it first
00:05:40.724 [main] INFO org.testcontainers.dockerclient.DockerClientProviderStrategy -- Found Docker environment with local Npipe socket (npipe:////./pipe/docker_engine)
00:05:40.725 [main] INFO org.testcontainers.DockerClientFactory -- Docker host IP address is localhost
00:05:40.742 [main] INFO org.testcontainers.DockerClientFactory -- Connected to docker: 
  Server Version: 29.2.1
  API Version: 1.53
  Operating System: Docker Desktop
  Total Memory: 7760 MB
  Labels: 
    com.docker.desktop.address=npipe://\\.\pipe\docker_cli
00:05:40.824 [main] INFO tc.testcontainers/ryuk:0.12.0 -- Creating container for image: testcontainers/ryuk:0.12.0
00:05:40.951 [main] INFO org.testcontainers.utility.RegistryAuthLocator -- Credential helper/store (docker-credential-desktop) does not have credentials for https://index.docker.io/v1/
00:05:41.090 [main] INFO tc.testcontainers/ryuk:0.12.0 -- Container testcontainers/ryuk:0.12.0 is starting: d914711f8f2c8b2dae30742252af8f3dea8e2f99ae05c7d112303abe663e36f0
00:05:41.474 [main] INFO tc.testcontainers/ryuk:0.12.0 -- Container testcontainers/ryuk:0.12.0 started in PT0.6498939S
00:05:41.480 [main] INFO org.testcontainers.utility.RyukResourceReaper -- Ryuk started - will monitor and terminate Testcontainers containers on JVM exit
00:05:41.480 [main] INFO org.testcontainers.DockerClientFactory -- Checking the system...
00:05:41.481 [main] INFO org.testcontainers.DockerClientFactory -- ?? Docker server version should be at least 1.6.0
00:05:41.482 [main] INFO tc.postgres:16 -- Creating container for image: postgres:16
00:05:41.557 [main] INFO tc.postgres:16 -- Container postgres:16 is starting: e19119b01d543b8207db4a626968cd2624a751fe87cf9bc3f4fff71d367c26bd
00:05:42.764 [main] INFO tc.postgres:16 -- Container postgres:16 started in PT1.2820492S
00:05:42.765 [main] INFO tc.postgres:16 -- Container is started (JDBC URL: jdbc:postgresql://localhost:49319/test?loggerLevel=OFF)
00:05:42.825 [main] INFO org.springframework.test.context.support.AnnotationConfigContextLoaderUtils -- Could not detect default configuration classes for test class [com.nwhisler.local_observability.api.EventControllerTest]: EventControllerTest does not declare any static, non-private, non-final, nested classes annotated with @Configuration.
00:05:42.961 [main] INFO org.springframework.boot.test.context.SpringBootTestContextBootstrapper -- Found @SpringBootConfiguration com.nwhisler.local_observability.LocalObservabilityApplication for test class com.nwhisler.local_observability.api.EventControllerTest

  .   ____          _            __ _ _
 /\\ / ___'_ __ _ _(_)_ __  __ _ \ \ \ \
( ( )\___ | '_ | '_| | '_ \/ _` | \ \ \ \
 \\/  ___)| |_)| | | | | || (_| |  ) ) ) )
  '  |____| .__|_| |_|_| |_\__, | / / / /
 =========|_|==============|___/=/_/_/_/

 :: Spring Boot ::               (v3.5.11)

2026-02-23T00:05:43.449-05:00  INFO 18164 --- [local-observability] [           main] c.n.l.api.EventControllerTest            : Starting EventControllerTest using Java 17.0.18 with PID 18164 (started by HP in C:\Users\HP\Documents\Personal_Projects\Java_Projects\local-observability)
2026-02-23T00:05:43.451-05:00  INFO 18164 --- [local-observability] [           main] c.n.l.api.EventControllerTest            : No active profile set, falling back to 1 default profile: "default"
2026-02-23T00:05:44.617-05:00  INFO 18164 --- [local-observability] [           main] .s.d.r.c.RepositoryConfigurationDelegate : Bootstrapping Spring Data JPA repositories in DEFAULT mode.
2026-02-23T00:05:44.693-05:00  INFO 18164 --- [local-observability] [           main] .s.d.r.c.RepositoryConfigurationDelegate : Finished Spring Data repository scanning in 59 ms. Found 1 JPA repository interface.
2026-02-23T00:05:45.557-05:00  INFO 18164 --- [local-observability] [           main] o.s.b.w.embedded.tomcat.TomcatWebServer  : Tomcat initialized with port 0 (http)
2026-02-23T00:05:45.595-05:00  INFO 18164 --- [local-observability] [           main] o.apache.catalina.core.StandardService   : Starting service [Tomcat]
2026-02-23T00:05:45.596-05:00  INFO 18164 --- [local-observability] [           main] o.apache.catalina.core.StandardEngine    : Starting Servlet engine: [Apache Tomcat/10.1.52]
2026-02-23T00:05:45.677-05:00  INFO 18164 --- [local-observability] [           main] o.a.c.c.C.[Tomcat].[localhost].[/]       : Initializing Spring embedded WebApplicationContext
2026-02-23T00:05:45.679-05:00  INFO 18164 --- [local-observability] [           main] w.s.c.ServletWebServerApplicationContext : Root WebApplicationContext: initialization completed in 2200 ms
2026-02-23T00:05:46.702-05:00  INFO 18164 --- [local-observability] [           main] org.flywaydb.core.FlywayExecutor         : Database: jdbc:postgresql://localhost:49319/test?loggerLevel=OFF (PostgreSQL 16.12)
2026-02-23T00:05:46.734-05:00  INFO 18164 --- [local-observability] [           main] o.f.c.i.s.JdbcTableSchemaHistory         : Schema history table "public"."flyway_schema_history" does not exist yet
2026-02-23T00:05:46.738-05:00  INFO 18164 --- [local-observability] [           main] o.f.core.internal.command.DbValidate     : Successfully validated 1 migration (execution time 00:00.014s)
2026-02-23T00:05:46.750-05:00  INFO 18164 --- [local-observability] [           main] o.f.c.i.s.JdbcTableSchemaHistory         : Creating Schema History table "public"."flyway_schema_history" ...
2026-02-23T00:05:46.818-05:00  INFO 18164 --- [local-observability] [           main] o.f.core.internal.command.DbMigrate      : Current version of schema "public": << Empty Schema >>
2026-02-23T00:05:46.830-05:00  INFO 18164 --- [local-observability] [           main] o.f.core.internal.command.DbMigrate      : Migrating schema "public" to version "1 - init"
2026-02-23T00:05:46.884-05:00  INFO 18164 --- [local-observability] [           main] o.f.core.internal.command.DbMigrate      : Successfully applied 1 migration to schema "public", now at version v1 (execution time 00:00.013s)
2026-02-23T00:05:47.050-05:00  INFO 18164 --- [local-observability] [           main] o.hibernate.jpa.internal.util.LogHelper  : HHH000204: Processing PersistenceUnitInfo [name: default]
2026-02-23T00:05:47.189-05:00  INFO 18164 --- [local-observability] [           main] org.hibernate.Version                    : HHH000412: Hibernate ORM core version 6.6.42.Final
2026-02-23T00:05:47.227-05:00  INFO 18164 --- [local-observability] [           main] o.h.c.internal.RegionFactoryInitiator    : HHH000026: Second-level cache disabled
2026-02-23T00:05:47.487-05:00  INFO 18164 --- [local-observability] [           main] o.s.o.j.p.SpringPersistenceUnitInfo      : No LoadTimeWeaver setup: ignoring JPA class transformer
2026-02-23T00:05:47.511-05:00  INFO 18164 --- [local-observability] [           main] com.zaxxer.hikari.HikariDataSource       : HikariPool-1 - Starting...
2026-02-23T00:05:47.544-05:00  INFO 18164 --- [local-observability] [           main] com.zaxxer.hikari.pool.HikariPool        : HikariPool-1 - Added connection org.postgresql.jdbc.PgConnection@73db1a6
2026-02-23T00:05:47.545-05:00  INFO 18164 --- [local-observability] [           main] com.zaxxer.hikari.HikariDataSource       : HikariPool-1 - Start completed.
2026-02-23T00:05:47.594-05:00  INFO 18164 --- [local-observability] [           main] org.hibernate.orm.connections.pooling    : HHH10001005: Database info:
	Database JDBC URL [Connecting through datasource 'HikariDataSource (HikariPool-1)']
	Database driver: undefined/unknown
	Database version: 16.12
	Autocommit mode: undefined/unknown
	Isolation level: undefined/unknown
	Minimum pool size: undefined/unknown
	Maximum pool size: undefined/unknown
2026-02-23T00:05:48.170-05:00  INFO 18164 --- [local-observability] [           main] o.h.e.t.j.p.i.JtaPlatformInitiator       : HHH000489: No JTA platform available (set 'hibernate.transaction.jta.platform' to enable JTA platform integration)
2026-02-23T00:05:48.201-05:00  INFO 18164 --- [local-observability] [           main] j.LocalContainerEntityManagerFactoryBean : Initialized JPA EntityManagerFactory for persistence unit 'default'
2026-02-23T00:05:49.417-05:00  INFO 18164 --- [local-observability] [           main] o.s.b.a.e.web.EndpointLinksResolver      : Exposing 3 endpoints beneath base path '/actuator'
2026-02-23T00:05:49.681-05:00  INFO 18164 --- [local-observability] [           main] o.s.b.w.embedded.tomcat.TomcatWebServer  : Tomcat started on port 50477 (http) with context path '/'
2026-02-23T00:05:49.705-05:00  INFO 18164 --- [local-observability] [           main] c.n.l.api.EventControllerTest            : Started EventControllerTest in 6.636 seconds (process running for 10.156)
2026-02-23T00:05:49.768-05:00  WARN 18164 --- [local-observability] [           main] o.s.core.events.SpringDocAppInitializer  : SpringDoc /v3/api-docs endpoint is enabled by default. To disable it in production, set the property 'springdoc.api-docs.enabled=false'
2026-02-23T00:05:49.770-05:00  WARN 18164 --- [local-observability] [           main] o.s.core.events.SpringDocAppInitializer  : SpringDoc /swagger-ui.html endpoint is enabled by default. To disable it in production, set the property 'springdoc.swagger-ui.enabled=false'
2026-02-23T00:05:50.413-05:00  INFO 18164 --- [local-observability] [o-auto-1-exec-1] o.a.c.c.C.[Tomcat].[localhost].[/]       : Initializing Spring DispatcherServlet 'dispatcherServlet'
2026-02-23T00:05:50.413-05:00  INFO 18164 --- [local-observability] [o-auto-1-exec-1] o.s.web.servlet.DispatcherServlet        : Initializing Servlet 'dispatcherServlet'
2026-02-23T00:05:50.415-05:00  INFO 18164 --- [local-observability] [o-auto-1-exec-1] o.s.web.servlet.DispatcherServlet        : Completed initialization in 2 ms
]]></system-out>
  </testcase>
  <testcase name="PostAndGetTest" classname="com.nwhisler.local_observability.api.EventControllerTest" time="0.035"/>
  <testcase name="levelTest" classname="com.nwhisler.local_observability.api.EventControllerTest" time="0.039"/>
  <testcase name="tsAndIdTest" classname="com.nwhisler.local_observability.api.EventControllerTest" time="3.061"/>
  <testcase name="messageTest" classname="com.nwhisler.local_observability.api.EventControllerTest" time="0.04"/>
  <testcase name="toAndFromTest" classname="com.nwhisler.local_observability.api.EventControllerTest" time="6.061"/>
  <testcase name="pageOverlapTest" classname="com.nwhisler.local_observability.api.EventControllerTest" time="0.053"/>
  <testcase name="sizeCapTest" classname="com.nwhisler.local_observability.api.EventControllerTest" time="0.024"/>
</testsuite>